# JRE version: Java(TM) SE Runtime Environment (7.0_80-b15) (build 1.7.0_80-b15)
# Java VM: Java HotSpot(TM) 64-Bit Server VM (24.80-b11 mixed mode linux-amd64 compressed oops)
Heap
 PSYoungGen      total 214528K, used 12355K [0x00000000eaa80000, 0x00000000f8880000, 0x0000000100000000)
  eden space 201728K, 0% used [0x00000000eaa80000,0x00000000eaa80000,0x00000000f6f80000)
  from space 12800K, 96% used [0x00000000f6f80000,0x00000000f7b90f48,0x00000000f7c00000)
  to   space 12288K, 0% used [0x00000000f7c80000,0x00000000f7c80000,0x00000000f8880000)
 ParOldGen       total 57856K, used 52457K [0x00000000c0000000, 0x00000000c3880000, 0x00000000eaa80000)
  object space 57856K, 90% used [0x00000000c0000000,0x00000000c333a658,0x00000000c3880000)
 PSPermGen       total 21504K, used 7280K [0x00000000bae00000, 0x00000000bc300000, 0x00000000c0000000)
  object space 21504K, 33% used [0x00000000bae00000,0x00000000bb51c028,0x00000000bc300000)
GC Heap History (10 events):
Event: 6.273 GC heap after
Heap after GC invocations=6 (full 0):
 PSYoungGen      total 74240K, used 4249K [0x00000000eaa80000, 0x00000000efd80000, 0x0000000100000000)
  eden space 63488K, 0% used [0x00000000eaa80000,0x00000000eaa80000,0x00000000ee880000)
  from space 10752K, 39% used [0x00000000ef300000,0x00000000ef7265d0,0x00000000efd80000)
  to   space 10752K, 0% used [0x00000000ee880000,0x00000000ee880000,0x00000000ef300000)
 ParOldGen       total 40960K, used 21866K [0x00000000c0000000, 0x00000000c2800000, 0x00000000eaa80000)
  object space 40960K, 53% used [0x00000000c0000000,0x00000000c155a870,0x00000000c2800000)
 PSPermGen       total 21504K, used 7111K [0x00000000bae00000, 0x00000000bc300000, 0x00000000c0000000)
  object space 21504K, 33% used [0x00000000bae00000,0x00000000bb4f1d80,0x00000000bc300000)
}
Event: 6.643 GC heap before
{Heap before GC invocations=7 (full 0):
 PSYoungGen      total 74240K, used 67737K [0x00000000eaa80000, 0x00000000efd80000, 0x0000000100000000)
  eden space 63488K, 100% used [0x00000000eaa80000,0x00000000ee880000,0x00000000ee880000)
  from space 10752K, 39% used [0x00000000ef300000,0x00000000ef7265d0,0x00000000efd80000)
  to   space 10752K, 0% used [0x00000000ee880000,0x00000000ee880000,0x00000000ef300000)
 ParOldGen       total 40960K, used 21866K [0x00000000c0000000, 0x00000000c2800000, 0x00000000eaa80000)
  object space 40960K, 53% used [0x00000000c0000000,0x00000000c155a870,0x00000000c2800000)
 PSPermGen       total 21504K, used 7245K [0x00000000bae00000, 0x00000000bc300000, 0x00000000c0000000)
  object space 21504K, 33% used [0x00000000bae00000,0x00000000bb513470,0x00000000bc300000)
Event: 6.650 GC heap after
Heap after GC invocations=7 (full 0):
 PSYoungGen      total 74240K, used 7008K [0x00000000eaa80000, 0x00000000f3b80000, 0x0000000100000000)
  eden space 63488K, 0% used [0x00000000eaa80000,0x00000000eaa80000,0x00000000ee880000)
  from space 10752K, 65% used [0x00000000ee880000,0x00000000eef58270,0x00000000ef300000)
  to   space 10752K, 0% used [0x00000000f3100000,0x00000000f3100000,0x00000000f3b80000)
 ParOldGen       total 40960K, used 23424K [0x00000000c0000000, 0x00000000c2800000, 0x00000000eaa80000)
  object space 40960K, 57% used [0x00000000c0000000,0x00000000c16e0398,0x00000000c2800000)
 PSPermGen       total 21504K, used 7245K [0x00000000bae00000, 0x00000000bc300000, 0x00000000c0000000)
  object space 21504K, 33% used [0x00000000bae00000,0x00000000bb513470,0x00000000bc300000)
}
Event: 6.931 GC heap before
{Heap before GC invocations=8 (full 0):
 PSYoungGen      total 74240K, used 70496K [0x00000000eaa80000, 0x00000000f3b80000, 0x0000000100000000)
  eden space 63488K, 100% used [0x00000000eaa80000,0x00000000ee880000,0x00000000ee880000)
  from space 10752K, 65% used [0x00000000ee880000,0x00000000eef58270,0x00000000ef300000)
  to   space 10752K, 0% used [0x00000000f3100000,0x00000000f3100000,0x00000000f3b80000)
 ParOldGen       total 40960K, used 23424K [0x00000000c0000000, 0x00000000c2800000, 0x00000000eaa80000)
  object space 40960K, 57% used [0x00000000c0000000,0x00000000c16e0398,0x00000000c2800000)
 PSPermGen       total 21504K, used 7260K [0x00000000bae00000, 0x00000000bc300000, 0x00000000c0000000)
  object space 21504K, 33% used [0x00000000bae00000,0x00000000bb517050,0x00000000bc300000)
Event: 6.940 GC heap after
Heap after GC invocations=8 (full 0):
 PSYoungGen      total 136704K, used 10687K [0x00000000eaa80000, 0x00000000f3d80000, 0x0000000100000000)
  eden space 125952K, 0% used [0x00000000eaa80000,0x00000000eaa80000,0x00000000f2580000)
  from space 10752K, 99% used [0x00000000f3100000,0x00000000f3b6fe48,0x00000000f3b80000)
  to   space 11776K, 0% used [0x00000000f2580000,0x00000000f2580000,0x00000000f3100000)
 ParOldGen       total 40960K, used 26392K [0x00000000c0000000, 0x00000000c2800000, 0x00000000eaa80000)
  object space 40960K, 64% used [0x00000000c0000000,0x00000000c19c60e0,0x00000000c2800000)
 PSPermGen       total 21504K, used 7260K [0x00000000bae00000, 0x00000000bc300000, 0x00000000c0000000)
  object space 21504K, 33% used [0x00000000bae00000,0x00000000bb517050,0x00000000bc300000)
}
Event: 7.334 GC heap before
{Heap before GC invocations=9 (full 0):
 PSYoungGen      total 136704K, used 136639K [0x00000000eaa80000, 0x00000000f3d80000, 0x0000000100000000)
  eden space 125952K, 100% used [0x00000000eaa80000,0x00000000f2580000,0x00000000f2580000)
  from space 10752K, 99% used [0x00000000f3100000,0x00000000f3b6fe48,0x00000000f3b80000)
  to   space 11776K, 0% used [0x00000000f2580000,0x00000000f2580000,0x00000000f3100000)
 ParOldGen       total 40960K, used 26392K [0x00000000c0000000, 0x00000000c2800000, 0x00000000eaa80000)
  object space 40960K, 64% used [0x00000000c0000000,0x00000000c19c60e0,0x00000000c2800000)
 PSPermGen       total 21504K, used 7270K [0x00000000bae00000, 0x00000000bc300000, 0x00000000c0000000)
  object space 21504K, 33% used [0x00000000bae00000,0x00000000bb5198f0,0x00000000bc300000)
Event: 7.343 GC heap after
Heap after GC invocations=9 (full 0):
 PSYoungGen      total 137728K, used 11169K [0x00000000eaa80000, 0x00000000f8980000, 0x0000000100000000)
  eden space 125952K, 0% used [0x00000000eaa80000,0x00000000eaa80000,0x00000000f2580000)
  from space 11776K, 94% used [0x00000000f2580000,0x00000000f30686c0,0x00000000f3100000)
  to   space 13312K, 0% used [0x00000000f7c80000,0x00000000f7c80000,0x00000000f8980000)
 ParOldGen       total 40960K, used 30661K [0x00000000c0000000, 0x00000000c2800000, 0x00000000eaa80000)
  object space 40960K, 74% used [0x00000000c0000000,0x00000000c1df1438,0x00000000c2800000)
 PSPermGen       total 21504K, used 7270K [0x00000000bae00000, 0x00000000bc300000, 0x00000000c0000000)
  object space 21504K, 33% used [0x00000000bae00000,0x00000000bb5198f0,0x00000000bc300000)
}
Event: 7.583 GC heap before
{Heap before GC invocations=10 (full 0):
 PSYoungGen      total 137728K, used 137121K [0x00000000eaa80000, 0x00000000f8980000, 0x0000000100000000)
  eden space 125952K, 100% used [0x00000000eaa80000,0x00000000f2580000,0x00000000f2580000)
  from space 11776K, 94% used [0x00000000f2580000,0x00000000f30686c0,0x00000000f3100000)
  to   space 13312K, 0% used [0x00000000f7c80000,0x00000000f7c80000,0x00000000f8980000)
 ParOldGen       total 40960K, used 30661K [0x00000000c0000000, 0x00000000c2800000, 0x00000000eaa80000)
  object space 40960K, 74% used [0x00000000c0000000,0x00000000c1df1438,0x00000000c2800000)
 PSPermGen       total 21504K, used 7276K [0x00000000bae00000, 0x00000000bc300000, 0x00000000c0000000)
  object space 21504K, 33% used [0x00000000bae00000,0x00000000bb51b1c0,0x00000000bc300000)
Event: 7.586 GC heap after
Heap after GC invocations=10 (full 0):
 PSYoungGen      total 214016K, used 7252K [0x00000000eaa80000, 0x00000000f8880000, 0x0000000100000000)
  eden space 201728K, 0% used [0x00000000eaa80000,0x00000000eaa80000,0x00000000f6f80000)
  from space 12288K, 59% used [0x00000000f7c80000,0x00000000f8395178,0x00000000f8880000)
  to   space 12800K, 0% used [0x00000000f6f80000,0x00000000f6f80000,0x00000000f7c00000)
 ParOldGen       total 40960K, used 30669K [0x00000000c0000000, 0x00000000c2800000, 0x00000000eaa80000)
  object space 40960K, 74% used [0x00000000c0000000,0x00000000c1df3438,0x00000000c2800000)
 PSPermGen       total 21504K, used 7276K [0x00000000bae00000, 0x00000000bc300000, 0x00000000c0000000)
  object space 21504K, 33% used [0x00000000bae00000,0x00000000bb51b1c0,0x00000000bc300000)
}
Event: 8.334 GC heap before
{Heap before GC invocations=11 (full 0):
 PSYoungGen      total 214016K, used 208980K [0x00000000eaa80000, 0x00000000f8880000, 0x0000000100000000)
  eden space 201728K, 100% used [0x00000000eaa80000,0x00000000f6f80000,0x00000000f6f80000)
  from space 12288K, 59% used [0x00000000f7c80000,0x00000000f8395178,0x00000000f8880000)
  to   space 12800K, 0% used [0x00000000f6f80000,0x00000000f6f80000,0x00000000f7c00000)
 ParOldGen       total 40960K, used 30669K [0x00000000c0000000, 0x00000000c2800000, 0x00000000eaa80000)
  object space 40960K, 74% used [0x00000000c0000000,0x00000000c1df3438,0x00000000c2800000)
 PSPermGen       total 21504K, used 7280K [0x00000000bae00000, 0x00000000bc300000, 0x00000000c0000000)
  object space 21504K, 33% used [0x00000000bae00000,0x00000000bb51c028,0x00000000bc300000)

